<?xml version="1.0" encoding="UTF-8"?>
<!-- Generated by org.testng.reporters.JUnitReportReporter -->
<testsuite hostname="WIN-3TK6XF2" failures="0" tests="2" name="Peddaiah1_test.TestScenario_1" time="40.828" errors="0" timestamp="2024-04-05T18:40:50 IST" skipped="0">
  <testcase classname="Peddaiah1_test.TestScenario_1" name="TestScenario1" time="21.133"/>
  <system-out/>
  <testcase classname="Peddaiah1_test.TestScenario_1" name="TestScenario1" time="19.695"/>
  <system-out/>
</testsuite> <!-- Peddaiah1_test.TestScenario_1 -->
