<?xml version="1.0" encoding="UTF-8"?>
<!-- Generated by org.testng.reporters.JUnitReportReporter -->
<testsuite hostname="WIN-3TK6XF2" failures="0" tests="2" name="Peddaiah1_test.TestScenario_2" time="33.550" errors="0" timestamp="2024-04-05T18:40:50 IST" skipped="0">
  <testcase classname="Peddaiah1_test.TestScenario_2" name="TestScenario2" time="15.137"/>
  <system-out/>
  <testcase classname="Peddaiah1_test.TestScenario_2" name="TestScenario2" time="18.413"/>
  <system-out/>
</testsuite> <!-- Peddaiah1_test.TestScenario_2 -->
