<?xml version="1.0" encoding="UTF-8"?>
<!-- Generated by org.testng.reporters.JUnitReportReporter -->
<testsuite hostname="WIN-3TK6XF2" failures="0" tests="2" name="Peddaiah1_test.TestScenario_3" time="59.410" errors="0" timestamp="2024-04-05T18:40:50 IST" skipped="0">
  <testcase classname="Peddaiah1_test.TestScenario_3" name="TestScenario3" time="27.558"/>
  <system-out/>
  <testcase classname="Peddaiah1_test.TestScenario_3" name="TestScenario3" time="31.852"/>
  <system-out/>
</testsuite> <!-- Peddaiah1_test.TestScenario_3 -->
